<?xml version="1.0" encoding="UTF-8"?>
<testsuite xmlns:xsi="http://www.w3.org/2001/XMLSchema-instance" xsi:noNamespaceSchemaLocation="https://maven.apache.org/surefire/maven-surefire-plugin/xsd/surefire-test-report.xsd" version="3.0.2" name="caixa.pedro.resource.ProdutosResourceTest" time="4.358" tests="6" errors="0" skipped="0" failures="0">
  <properties>
[...]
</properties>
  <testcase name="testCreateProduto" classname="caixa.pedro.resource.ProdutosResourceTest" time="1.662">
    <system-out><![CDATA[&amp#27;[35m[Hibernate]&amp#27;[0m 
    &amp#27;[34mdrop&amp#27;[0m &amp#27;[34mtable&amp#27;[0m &amp#27;[34mif&amp#27;[0m &amp#27;[34mexists&amp#27;[0m produtos
&amp#27;[35m[Hibernate]&amp#27;[0m 
    &amp#27;[34mdrop&amp#27;[0m &amp#27;[34mtable&amp#27;[0m &amp#27;[34mif&amp#27;[0m &amp#27;[34mexists&amp#27;[0m simulacoes
&amp#27;[35m[Hibernate]&amp#27;[0m 
    &amp#27;[34mcreate&amp#27;[0m &amp#27;[34mtable&amp#27;[0m produtos (
        id &amp#27;[34minteger&amp#27;[0m,
        prazoMaxMeses &amp#27;[34minteger&amp#27;[0m,
        prazoMinMeses &amp#27;[34minteger&amp#27;[0m,
        rentabilidadeAnual &amp#27;[34mfloat&amp#27;[0m,
        valorMax &amp#27;[34mfloat&amp#27;[0m,
        valorMin &amp#27;[34mfloat&amp#27;[0m,
        nome &amp#27;[34mvarchar&amp#27;[0m(255),
        risco &amp#27;[34mvarchar&amp#27;[0m(255),
        tipoProduto &amp#27;[34mvarchar&amp#27;[0m(255),
        &amp#27;[34mprimary&amp#27;[0m &amp#27;[34mkey&amp#27;[0m (id)
    )
&amp#27;[35m[Hibernate]&amp#27;[0m 
    &amp#27;[34mcreate&amp#27;[0m &amp#27;[34mtable&amp#27;[0m simulacoes (
        id &amp#27;[34minteger&amp#27;[0m,
        prazoMeses &amp#27;[34minteger&amp#27;[0m,
        rentabilidadeAplicada &amp#27;[34mfloat&amp#27;[0m,
        valorFinal &amp#27;[34mfloat&amp#27;[0m,
        valorInvestido &amp#27;[34mfloat&amp#27;[0m,
        clienteId &amp#27;[34mvarchar&amp#27;[0m(255),
        dataSimulacao &amp#27;[34mvarchar&amp#27;[0m(255),
        produtoNome &amp#27;[34mvarchar&amp#27;[0m(255),
        tipoProduto &amp#27;[34mvarchar&amp#27;[0m(255),
        &amp#27;[34mprimary&amp#27;[0m &amp#27;[34mkey&amp#27;[0m (id)
    )
&amp#27;[35m[Hibernate]&amp#27;[0m &amp#27;[34mCREATE&amp#27;[0m &amp#27;[34mTABLE&amp#27;[0m &amp#27;[34mIF&amp#27;[0m &amp#27;[34mNOT&amp#27;[0m &amp#27;[34mEXISTS&amp#27;[0m simulacoes (     id &amp#27;[34mINTEGER&amp#27;[0m &amp#27;[34mPRIMARY&amp#27;[0m &amp#27;[34mKEY&amp#27;[0m AUTOINCREMENT,     nome &amp#27;[34mVARCHAR&amp#27;[0m(255) &amp#27;[34mNOT&amp#27;[0m &amp#27;[34mNULL&amp#27;[0m,     email &amp#27;[34mVARCHAR&amp#27;[0m(255) &amp#27;[34mNOT&amp#27;[0m &amp#27;[34mNULL&amp#27;[0m,     valorInvestido &amp#27;[34mDECIMAL&amp#27;[0m(15, 2) &amp#27;[34mNOT&amp#27;[0m &amp#27;[34mNULL&amp#27;[0m,     prazoMeses &amp#27;[34mINT&amp#27;[0m &amp#27;[34mNOT&amp#27;[0m &amp#27;[34mNULL&amp#27;[0m,     tipoProduto &amp#27;[34mVARCHAR&amp#27;[0m(255) &amp#27;[34mNOT&amp#27;[0m &amp#27;[34mNULL&amp#27;[0m,     dataSimulacao &amp#27;[34mTIMESTAMP&amp#27;[0m &amp#27;[34mDEFAULT&amp#27;[0m &amp#27;[34mCURRENT_TIMESTAMP&amp#27;[0m )
&amp#27;[35m[Hibernate]&amp#27;[0m &amp#27;[34mINSERT&amp#27;[0m &amp#27;[34mINTO&amp#27;[0m produtos (nome, tipoProduto, rentabilidadeAnual, risco,                       prazoMinMeses, prazoMaxMeses, valorMin, valorMax) &amp#27;[34mVALUES&amp#27;[0m ( &amp#27;[32m"CDB Caixa"&amp#27;[0m, &amp#27;[32m"CDB"&amp#27;[0m, 0.1, 0.2, 1, 12, 1000, 100000), ( &amp#27;[32m"LCI Caixa"&amp#27;[0m, &amp#27;[32m"LCI"&amp#27;[0m, 0.08, 0.1, 3, 24, 5000, 50000), ( &amp#27;[32m"LCA Caixa"&amp#27;[0m, &amp#27;[32m"LCA"&amp#27;[0m, 0.09, 0.15, 2, 36, 2000, 20000), ( &amp#27;[32m"Tesouro Selic"&amp#27;[0m, &amp#27;[32m"Tesouro Direto"&amp#27;[0m, 0.07, 0.05, 1, 120, 1000, 100000), ( &amp#27;[32m"Tesouro IPCA+"&amp#27;[0m, &amp#27;[32m"Tesouro Direto"&amp#27;[0m, 0.12, 0.25, 6, 120, 1000, 100000), ( &amp#27;[32m"CDB Alternativo"&amp#27;[0m, &amp#27;[32m"CDB"&amp#27;[0m, 0.15, 0.3, 1, 12, 1000, 100000)
&amp#27;[35m[Hibernate]&amp#27;[0m &amp#27;[34mCREATE&amp#27;[0m &amp#27;[34mTABLE&amp#27;[0m &amp#27;[34mIF&amp#27;[0m &amp#27;[34mNOT&amp#27;[0m &amp#27;[34mEXISTS&amp#27;[0m simulacoes_teste (     id &amp#27;[34mINTEGER&amp#27;[0m &amp#27;[34mPRIMARY&amp#27;[0m &amp#27;[34mKEY&amp#27;[0m AUTOINCREMENT,     nome &amp#27;[34mVARCHAR&amp#27;[0m(255) &amp#27;[34mNOT&amp#27;[0m &amp#27;[34mNULL&amp#27;[0m,     email &amp#27;[34mVARCHAR&amp#27;[0m(255) &amp#27;[34mNOT&amp#27;[0m &amp#27;[34mNULL&amp#27;[0m,     valorInvestido &amp#27;[34mDECIMAL&amp#27;[0m(15, 2) &amp#27;[34mNOT&amp#27;[0m &amp#27;[34mNULL&amp#27;[0m,     prazoMeses &amp#27;[34mINT&amp#27;[0m &amp#27;[34mNOT&amp#27;[0m &amp#27;[34mNULL&amp#27;[0m,     tipoProduto &amp#27;[34mVARCHAR&amp#27;[0m(255) &amp#27;[34mNOT&amp#27;[0m &amp#27;[34mNULL&amp#27;[0m,     dataSimulacao &amp#27;[34mTIMESTAMP&amp#27;[0m &amp#27;[34mDEFAULT&amp#27;[0m &amp#27;[34mCURRENT_TIMESTAMP&amp#27;[0m )
&amp#27;[35m[Hibernate]&amp#27;[0m &amp#27;[34mINSERT&amp#27;[0m &amp#27;[34mINTO&amp#27;[0m simulacoes (clienteId, produtoNome, tipoProduto, valorInvestido, prazoMeses,                               rentabilidadeAplicada, valorFinal, dataSimulacao) &amp#27;[34mVALUES&amp#27;[0m (1234, &amp#27;[32m"CDB teste"&amp#27;[0m, &amp#27;[32m"CDB"&amp#27;[0m, 10000,  12, 0.1, 10000, &amp#27;[34mCURRENT_TIMESTAMP&amp#27;[0m)
&amp#27;[35m[Hibernate]&amp#27;[0m 
    &amp#27;[34minsert&amp#27;[0m 
    &amp#27;[34minto&amp#27;[0m
        produtos
        (nome, prazoMaxMeses, prazoMinMeses, rentabilidadeAnual, risco, tipoProduto, valorMax, valorMin) 
    &amp#27;[34mvalues&amp#27;[0m
        (?, ?, ?, ?, ?, ?, ?, ?)
&amp#27;[35m[Hibernate]&amp#27;[0m 
    &amp#27;[34mselect&amp#27;[0m
        last_insert_rowid()
]]></system-out>
    <system-err><![CDATA[mar. 03, 2026 9:04:31 PM io.quarkus.datasource.deployment.devservices.DevServicesDatasourceProcessor maybeWarnAboutMissingProvider
WARN: Unable to start Dev Services for default datasource as this datasource type (sqlite) does not support Dev Services
mar. 03, 2026 9:04:35 PM org.hibernate.jpa.internal.util.LogHelper logPersistenceUnitInformation
INFO: HHH008540: Processing PersistenceUnitInfo [name: <default>]
mar. 03, 2026 9:04:35 PM org.hibernate.Version logVersion
INFO: HHH000001: Hibernate ORM core version 7.2.4.Final
mar. 03, 2026 9:04:35 PM org.hibernate.engine.jdbc.env.internal.JdbcEnvironmentInitiator logConnectionInfo
INFO: HHH10001005: Database info:
	Database JDBC URL [undefined/unknown]
	Database driver: undefined/unknown
	Database dialect: SQLiteDialect
	Database version: 2.0
	Default catalog/schema: unknown/unknown
	Autocommit mode: undefined/unknown
	Isolation level: <unknown>
	JDBC fetch size: undefined/unknown
	Pool: undefined/unknown
	Minimum pool size: undefined/unknown
	Maximum pool size: undefined/unknown
mar. 03, 2026 9:04:36 PM io.quarkus.runtime.configuration.ConfigDiagnostic deprecated
WARN: The "quarkus.hibernate-orm.database.generation" config property is deprecated and should not be used anymore.
mar. 03, 2026 9:04:36 PM io.quarkus.agroal.runtime.AgroalConnectionConfigurer setExceptionSorter
WARN: Agroal does not support detecting if a connection is still usable after an exception for database kind: sqlite
mar. 03, 2026 9:04:36 PM org.jboss.logmanager.JBossLoggerFinder getLogger
ERROR: The LogManager accessed before the "java.util.logging.manager" system property was set to "org.jboss.logmanager.LogManager". Results may be unexpected.
mar. 03, 2026 9:04:36 PM io.quarkus.bootstrap.runner.Timing printStartupTime
INFO: desafio-caixaverso 1.0 on JVM (powered by Quarkus 3.32.1) started in 7.103s. Listening on: http://localhost:8081
mar. 03, 2026 9:04:36 PM io.quarkus.bootstrap.runner.Timing printStartupTime
INFO: Profile test activated. 
mar. 03, 2026 9:04:36 PM io.quarkus.bootstrap.runner.Timing printStartupTime
INFO: Installed features: [agroal, cdi, compose, hibernate-orm, jdbc-postgresql, narayana-jta, rest, rest-jackson, smallrye-context-propagation, vertx]
]]></system-err>
  </testcase>
  <testcase name="testUpdateProduto" classname="caixa.pedro.resource.ProdutosResourceTest" time="0.104">
    <system-out><![CDATA[&amp#27;[35m[Hibernate]&amp#27;[0m 
    &amp#27;[34mselect&amp#27;[0m
        p1_0.id,
        p1_0.nome,
        p1_0.prazoMaxMeses,
        p1_0.prazoMinMeses,
        p1_0.rentabilidadeAnual,
        p1_0.risco,
        p1_0.tipoProduto,
        p1_0.valorMax,
        p1_0.valorMin 
    &amp#27;[34mfrom&amp#27;[0m
        produtos p1_0 
    &amp#27;[34mwhere&amp#27;[0m
        p1_0.id=?
&amp#27;[35m[Hibernate]&amp#27;[0m 
    &amp#27;[34mselect&amp#27;[0m
        p1_0.id,
        p1_0.nome,
        p1_0.prazoMaxMeses,
        p1_0.prazoMinMeses,
        p1_0.rentabilidadeAnual,
        p1_0.risco,
        p1_0.tipoProduto,
        p1_0.valorMax,
        p1_0.valorMin 
    &amp#27;[34mfrom&amp#27;[0m
        produtos p1_0 
    &amp#27;[34mwhere&amp#27;[0m
        p1_0.id=?
&amp#27;[35m[Hibernate]&amp#27;[0m 
    &amp#27;[34mupdate&amp#27;[0m
        produtos 
    &amp#27;[34mset&amp#27;[0m
        nome=?,
        prazoMaxMeses=?,
        prazoMinMeses=?,
        rentabilidadeAnual=?,
        risco=?,
        tipoProduto=?,
        valorMax=?,
        valorMin=? 
    &amp#27;[34mwhere&amp#27;[0m
        id=?
&amp#27;[35m[Hibernate]&amp#27;[0m 
    &amp#27;[34mselect&amp#27;[0m
        p1_0.id,
        p1_0.nome,
        p1_0.prazoMaxMeses,
        p1_0.prazoMinMeses,
        p1_0.rentabilidadeAnual,
        p1_0.risco,
        p1_0.tipoProduto,
        p1_0.valorMax,
        p1_0.valorMin 
    &amp#27;[34mfrom&amp#27;[0m
        produtos p1_0 
    &amp#27;[34mwhere&amp#27;[0m
        p1_0.id=?
]]></system-out>
  </testcase>
  <testcase name="testGetProdutos" classname="caixa.pedro.resource.ProdutosResourceTest" time="0.267">
    <system-out><![CDATA[&amp#27;[35m[Hibernate]&amp#27;[0m 
    &amp#27;[34mselect&amp#27;[0m
        p1_0.id,
        p1_0.nome,
        p1_0.prazoMaxMeses,
        p1_0.prazoMinMeses,
        p1_0.rentabilidadeAnual,
        p1_0.risco,
        p1_0.tipoProduto,
        p1_0.valorMax,
        p1_0.valorMin 
    &amp#27;[34mfrom&amp#27;[0m
        produtos p1_0 
    &amp#27;[34morder&amp#27;[0m &amp#27;[34mby&amp#27;[0m
        p1_0.id
]]></system-out>
  </testcase>
  <testcase name="testDeleteProduto" classname="caixa.pedro.resource.ProdutosResourceTest" time="0.025">
    <system-out><![CDATA[&amp#27;[35m[Hibernate]&amp#27;[0m 
    &amp#27;[34mselect&amp#27;[0m
        p1_0.id,
        p1_0.nome,
        p1_0.prazoMaxMeses,
        p1_0.prazoMinMeses,
        p1_0.rentabilidadeAnual,
        p1_0.risco,
        p1_0.tipoProduto,
        p1_0.valorMax,
        p1_0.valorMin 
    &amp#27;[34mfrom&amp#27;[0m
        produtos p1_0 
    &amp#27;[34mwhere&amp#27;[0m
        p1_0.id=?
&amp#27;[35m[Hibernate]&amp#27;[0m 
    &amp#27;[34mdelete&amp#27;[0m 
    &amp#27;[34mfrom&amp#27;[0m
        produtos 
    &amp#27;[34mwhere&amp#27;[0m
        id=?
]]></system-out>
  </testcase>
  <testcase name="testGetProdutoById" classname="caixa.pedro.resource.ProdutosResourceTest" time="0.031">
    <system-out><![CDATA[&amp#27;[35m[Hibernate]&amp#27;[0m 
    &amp#27;[34mselect&amp#27;[0m
        p1_0.id,
        p1_0.nome,
        p1_0.prazoMaxMeses,
        p1_0.prazoMinMeses,
        p1_0.rentabilidadeAnual,
        p1_0.risco,
        p1_0.tipoProduto,
        p1_0.valorMax,
        p1_0.valorMin 
    &amp#27;[34mfrom&amp#27;[0m
        produtos p1_0 
    &amp#27;[34mwhere&amp#27;[0m
        p1_0.id=?
&amp#27;[35m[Hibernate]&amp#27;[0m 
    &amp#27;[34mselect&amp#27;[0m
        p1_0.id,
        p1_0.nome,
        p1_0.prazoMaxMeses,
        p1_0.prazoMinMeses,
        p1_0.rentabilidadeAnual,
        p1_0.risco,
        p1_0.tipoProduto,
        p1_0.valorMax,
        p1_0.valorMin 
    &amp#27;[34mfrom&amp#27;[0m
        produtos p1_0 
    &amp#27;[34mwhere&amp#27;[0m
        p1_0.id=?
&amp#27;[35m[Hibernate]&amp#27;[0m 
    &amp#27;[34mselect&amp#27;[0m
        p1_0.id,
        p1_0.nome,
        p1_0.prazoMaxMeses,
        p1_0.prazoMinMeses,
        p1_0.rentabilidadeAnual,
        p1_0.risco,
        p1_0.tipoProduto,
        p1_0.valorMax,
        p1_0.valorMin 
    &amp#27;[34mfrom&amp#27;[0m
        produtos p1_0 
    &amp#27;[34mwhere&amp#27;[0m
        p1_0.id=?
]]></system-out>
  </testcase>
  <testcase name="testGetProdutoByTipo" classname="caixa.pedro.resource.ProdutosResourceTest" time="0.065">
    <system-out><![CDATA[&amp#27;[35m[Hibernate]&amp#27;[0m 
    &amp#27;[34mselect&amp#27;[0m
        p1_0.id,
        p1_0.nome,
        p1_0.prazoMaxMeses,
        p1_0.prazoMinMeses,
        p1_0.rentabilidadeAnual,
        p1_0.risco,
        p1_0.tipoProduto,
        p1_0.valorMax,
        p1_0.valorMin 
    &amp#27;[34mfrom&amp#27;[0m
        produtos p1_0 
    &amp#27;[34mwhere&amp#27;[0m
        p1_0.tipoProduto=? 
    &amp#27;[34morder&amp#27;[0m &amp#27;[34mby&amp#27;[0m
        p1_0.id
&amp#27;[35m[Hibernate]&amp#27;[0m 
    &amp#27;[34mselect&amp#27;[0m
        p1_0.id,
        p1_0.nome,
        p1_0.prazoMaxMeses,
        p1_0.prazoMinMeses,
        p1_0.rentabilidadeAnual,
        p1_0.risco,
        p1_0.tipoProduto,
        p1_0.valorMax,
        p1_0.valorMin 
    &amp#27;[34mfrom&amp#27;[0m
        produtos p1_0 
    &amp#27;[34mwhere&amp#27;[0m
        p1_0.tipoProduto=? 
    &amp#27;[34morder&amp#27;[0m &amp#27;[34mby&amp#27;[0m
        p1_0.id
]]></system-out>
  </testcase>
</testsuite>